<?xml version="1.0" encoding="UTF-8"?>
<testsuite xmlns:xsi="http://www.w3.org/2001/XMLSchema-instance" xsi:noNamespaceSchemaLocation="https://maven.apache.org/surefire/maven-surefire-plugin/xsd/surefire-test-report.xsd" version="3.0.2" name="com.xplore.fitness.repository.UserRepositoryTest" time="2.65" tests="3" errors="0" skipped="0" failures="0">
  <properties>
[...]
</properties>
  <testcase name="shouldPersistAndRetrieveUser" classname="com.xplore.fitness.repository.UserRepositoryTest" time="0.29">
    <system-out><![CDATA[11:36:59.338 [main] INFO org.springframework.test.context.support.AnnotationConfigContextLoaderUtils -- Could not detect default configuration classes for test class [com.xplore.fitness.repository.UserRepositoryTest]: UserRepositoryTest does not declare any static, non-private, non-final, nested classes annotated with @Configuration.
11:36:59.377 [main] INFO org.springframework.boot.test.context.SpringBootTestContextBootstrapper -- Found @SpringBootConfiguration com.xplore.fitness.FitnessTrackerApplication for test class com.xplore.fitness.repository.UserRepositoryTest

  .   ____          _            __ _ _
 /\\ / ___'_ __ _ _(_)_ __  __ _ \ \ \ \
( ( )\___ | '_ | '_| | '_ \/ _` | \ \ \ \
 \\/  ___)| |_)| | | | | || (_| |  ) ) ) )
  '  |____| .__|_| |_|_| |_\__, | / / / /
 =========|_|==============|___/=/_/_/_/

 :: Spring Boot ::                (v4.0.3)

2026-03-19T11:36:59.622+01:00  INFO 79629 --- [fitness-tracker] [           main] c.x.f.repository.UserRepositoryTest      : Starting UserRepositoryTest using Java 25.0.2 with PID 79629 (started by bavodaniels in /Users/bavodaniels/Projects/xplore/fitness-tracker/backend)
2026-03-19T11:36:59.622+01:00  INFO 79629 --- [fitness-tracker] [           main] c.x.f.repository.UserRepositoryTest      : The following 1 profile is active: "test"
2026-03-19T11:37:00.157+01:00  INFO 79629 --- [fitness-tracker] [           main] .s.d.r.c.RepositoryConfigurationDelegate : Bootstrapping Spring Data JPA repositories in DEFAULT mode.
2026-03-19T11:37:00.187+01:00  INFO 79629 --- [fitness-tracker] [           main] .s.d.r.c.RepositoryConfigurationDelegate : Finished Spring Data repository scanning in 21 ms. Found 2 JPA repository interfaces.
2026-03-19T11:37:00.405+01:00  INFO 79629 --- [fitness-tracker] [           main] org.hibernate.orm.jpa                    : HHH008540: Processing PersistenceUnitInfo [name: default]
2026-03-19T11:37:00.431+01:00  INFO 79629 --- [fitness-tracker] [           main] org.hibernate.orm.core                   : HHH000001: Hibernate ORM core version 7.2.4.Final
2026-03-19T11:37:00.657+01:00  INFO 79629 --- [fitness-tracker] [           main] o.s.o.j.p.SpringPersistenceUnitInfo      : No LoadTimeWeaver setup: ignoring JPA class transformer
2026-03-19T11:37:00.675+01:00  INFO 79629 --- [fitness-tracker] [           main] com.zaxxer.hikari.HikariDataSource       : HikariPool-1 - Starting...
2026-03-19T11:37:00.756+01:00  INFO 79629 --- [fitness-tracker] [           main] com.zaxxer.hikari.pool.HikariPool        : HikariPool-1 - Added connection conn0: url=jdbc:h2:mem:testdb user=SA
2026-03-19T11:37:00.756+01:00  INFO 79629 --- [fitness-tracker] [           main] com.zaxxer.hikari.HikariDataSource       : HikariPool-1 - Start completed.
2026-03-19T11:37:00.779+01:00  INFO 79629 --- [fitness-tracker] [           main] org.hibernate.orm.connections.pooling    : HHH10001005: Database info:
	Database JDBC URL [jdbc:h2:mem:testdb]
	Database driver: H2 JDBC Driver
	Database dialect: H2Dialect
	Database version: 2.4.240
	Default catalog/schema: TESTDB/PUBLIC
	Autocommit mode: undefined/unknown
	Isolation level: READ_COMMITTED [default READ_COMMITTED]
	JDBC fetch size: 100
	Pool: DataSourceConnectionProvider
	Minimum pool size: undefined/unknown
	Maximum pool size: undefined/unknown
2026-03-19T11:37:01.104+01:00  INFO 79629 --- [fitness-tracker] [           main] org.hibernate.orm.core                   : HHH000489: No JTA platform available (set 'hibernate.transaction.jta.platform' to enable JTA platform integration)
Hibernate: drop table if exists users cascade 
Hibernate: drop table if exists workouts cascade 
Hibernate: create table users (created_at timestamp(6) with time zone not null, id uuid not null, password varchar(255) not null, username varchar(255) not null unique, primary key (id))
Hibernate: create table workouts (reps integer not null, sets integer not null, weight integer not null, created_at timestamp(6) with time zone not null, id uuid not null, user_id uuid not null, exercise_type enum ('BACK_SQUAT','BENCH_PRESS','DEADLIFT') not null, primary key (id))
Hibernate: alter table if exists workouts add constraint FKpf8ql3wbw2drijbk1ugfvki3d foreign key (user_id) references users
2026-03-19T11:37:01.121+01:00  INFO 79629 --- [fitness-tracker] [           main] j.LocalContainerEntityManagerFactoryBean : Initialized JPA EntityManagerFactory for persistence unit 'default'
2026-03-19T11:37:01.157+01:00  INFO 79629 --- [fitness-tracker] [           main] o.s.d.j.r.query.QueryEnhancerFactories   : Hibernate is in classpath; If applicable, HQL parser will be used.
2026-03-19T11:37:01.265+01:00  WARN 79629 --- [fitness-tracker] [           main] JpaBaseConfiguration$JpaWebConfiguration : spring.jpa.open-in-view is enabled by default. Therefore, database queries may be performed during view rendering. Explicitly configure spring.jpa.open-in-view to disable this warning
2026-03-19T11:37:01.442+01:00  INFO 79629 --- [fitness-tracker] [           main] c.x.f.repository.UserRepositoryTest      : Started UserRepositoryTest in 2.006 seconds (process running for 2.494)
2026-03-19T11:37:01.442+01:00  WARN 79629 --- [fitness-tracker] [           main] o.s.core.events.SpringDocAppInitializer  : SpringDoc /v3/api-docs endpoint is enabled by default. To disable it in production, set the property 'springdoc.api-docs.enabled=false'
2026-03-19T11:37:01.443+01:00  WARN 79629 --- [fitness-tracker] [           main] o.s.core.events.SpringDocAppInitializer  : SpringDoc /swagger-ui.html endpoint is enabled by default. To disable it in production, set the property 'springdoc.swagger-ui.enabled=false'
]]></system-out>
    <system-err><![CDATA[Mockito is currently self-attaching to enable the inline-mock-maker. This will no longer work in future releases of the JDK. Please add Mockito as an agent to your build as described in Mockito's documentation: https://javadoc.io/doc/org.mockito/mockito-core/latest/org.mockito/org/mockito/Mockito.html#0.3
WARNING: A Java agent has been loaded dynamically (/Users/bavodaniels/.m2/repository/net/bytebuddy/byte-buddy-agent/1.17.8/byte-buddy-agent-1.17.8.jar)
WARNING: If a serviceability tool is in use, please run with -XX:+EnableDynamicAgentLoading to hide this warning
WARNING: If a serviceability tool is not in use, please run with -Djdk.instrument.traceUsage for more information
WARNING: Dynamic loading of agents will be disallowed by default in a future release
]]></system-err>
  </testcase>
  <testcase name="shouldFindByUsername" classname="com.xplore.fitness.repository.UserRepositoryTest" time="0.171">
    <system-out><![CDATA[Hibernate: insert into users (created_at,password,username,id) values (?,?,?,?)
Hibernate: select u1_0.id,u1_0.created_at,u1_0.password,u1_0.username from users u1_0 where u1_0.username=?
]]></system-out>
  </testcase>
  <testcase name="shouldCheckExistsByUsername" classname="com.xplore.fitness.repository.UserRepositoryTest" time="0.008">
    <system-out><![CDATA[Hibernate: insert into users (created_at,password,username,id) values (?,?,?,?)
Hibernate: select u1_0.id from users u1_0 where u1_0.username=? fetch first ? rows only
Hibernate: select u1_0.id from users u1_0 where u1_0.username=? fetch first ? rows only
]]></system-out>
  </testcase>
</testsuite>